{
  "RSpec": {
    "coverage": {
      "/home/jason/work/puppet_migration/puppet-autossh/spec/defines/autossh_endpoint_spec.rb": [
        1,
        null,
        1,
        null,
        1,
        1,
        null,
        null,
        null,
        0,
        null,
        null,
        1,
        null,
        null,
        null,
        null
      ],
      "/home/jason/work/puppet_migration/puppet-autossh/spec/defines/autossh_tunnel_endpoint_spec.rb": [
        1,
        null,
        1,
        null,
        1,
        1,
        null,
        null,
        null,
        null,
        null,
        null,
        0,
        null,
        null,
        1,
        null,
        null,
        null
      ],
      "/home/jason/work/puppet_migration/puppet-autossh/spec/defines/autossh_tunnel_spec.rb": [
        1,
        null,
        1,
        null,
        5,
        1,
        null,
        null,
        null,
        null,
        null,
        null,
        null,
        null,
        null,
        null,
        4,
        null,
        null,
        1,
        1,
        null,
        null,
        null,
        null,
        null,
        1,
        1,
        null,
        null,
        null,
        null,
        null,
        1,
        1,
        null,
        null,
        null,
        null,
        null,
        1,
        1,
        null,
        null,
        1,
        null,
        null,
        null
      ]
    },
    "timestamp": 1420516883
  }
}
